<?xml version="1.0" encoding="UTF-8"?>
<robot generator="Robot 7.2.2 (Python 3.13.2 on win32)" generated="2025-03-27T16:24:47.062565" rpa="false" schemaversion="5">
<suite id="s1" name="Primeiro Teste" source="C:\Users\thale\OneDrive\Documentos\Profisional\projetos-a-serem-subidos\QA\Robot_Framework\primeiro_teste.robot">
<test id="s1-t1" name="Verificar se os campos do formulário foram preenchidos corretamente" line="20">
<kw name="Open Browser" owner="SeleniumLibrary">
<msg time="2025-03-27T16:24:47.323394" level="INFO">Opening browser 'Chrome' to base url 'http://localhost:3000/'.</msg>
<arg>url=http://localhost:3000/</arg>
<arg>browser=Chrome</arg>
<doc>Opens a new browser instance to the optional ``url``.</doc>
<status status="PASS" start="2025-03-27T16:24:47.322842" elapsed="39.350994"/>
</kw>
<kw name="Input Text" owner="SeleniumLibrary">
<msg time="2025-03-27T16:25:26.675416" level="INFO">Typing text 'Akemi' into text field 'id:form-nome'.</msg>
<arg>id:form-nome</arg>
<arg>Akemi</arg>
<doc>Types the given ``text`` into the text field identified by ``locator``.</doc>
<status status="PASS" start="2025-03-27T16:25:26.675052" elapsed="0.078719"/>
</kw>
<kw name="Input Text" owner="SeleniumLibrary">
<msg time="2025-03-27T16:25:26.754250" level="INFO">Typing text 'Desenvolvedora' into text field 'id:form-cargo'.</msg>
<arg>id:form-cargo</arg>
<arg>Desenvolvedora</arg>
<doc>Types the given ``text`` into the text field identified by ``locator``.</doc>
<status status="PASS" start="2025-03-27T16:25:26.754074" elapsed="0.089355"/>
</kw>
<kw name="Input Text" owner="SeleniumLibrary">
<msg time="2025-03-27T16:25:26.844039" level="INFO">Typing text 'https://picsum.photos/200/300' into text field 'id:form-imagem'.</msg>
<arg>id:form-imagem</arg>
<arg>https://picsum.photos/200/300</arg>
<doc>Types the given ``text`` into the text field identified by ``locator``.</doc>
<status status="PASS" start="2025-03-27T16:25:26.843815" elapsed="0.060432"/>
</kw>
<kw name="Click Element" owner="SeleniumLibrary">
<msg time="2025-03-27T16:25:26.904694" level="INFO">Clicking element 'class:lista-suspensa'.</msg>
<arg>class:lista-suspensa</arg>
<doc>Click the element identified by ``locator``.</doc>
<status status="PASS" start="2025-03-27T16:25:26.904530" elapsed="0.049558"/>
</kw>
<kw name="Click Element" owner="SeleniumLibrary">
<msg time="2025-03-27T16:25:26.954496" level="INFO">Clicking element '//option[contains(.,'Programação')]'.</msg>
<arg>//option[contains(.,'Programação')]</arg>
<doc>Click the element identified by ``locator``.</doc>
<status status="PASS" start="2025-03-27T16:25:26.954348" elapsed="0.024006"/>
</kw>
<kw name="Sleep" owner="BuiltIn">
<msg time="2025-03-27T16:25:36.979239" level="INFO">Slept 10 seconds.</msg>
<arg>10s</arg>
<doc>Pauses the test executed for the given time.</doc>
<status status="PASS" start="2025-03-27T16:25:26.978623" elapsed="10.000704"/>
</kw>
<kw name="Click Element" owner="SeleniumLibrary">
<msg time="2025-03-27T16:25:36.979733" level="INFO">Clicking element 'id:form-botao'.</msg>
<arg>id:form-botao</arg>
<doc>Click the element identified by ``locator``.</doc>
<status status="PASS" start="2025-03-27T16:25:36.979572" elapsed="0.057460"/>
</kw>
<kw name="Element Should Be Visible" owner="SeleniumLibrary">
<msg time="2025-03-27T16:25:37.050326" level="INFO">Element 'class:colaborador' is displayed.</msg>
<arg>class:colaborador</arg>
<doc>Verifies that the element identified by ``locator`` is visible.</doc>
<status status="PASS" start="2025-03-27T16:25:37.037274" elapsed="0.013126"/>
</kw>
<kw name="Sleep" owner="BuiltIn">
<msg time="2025-03-27T16:25:42.051147" level="INFO">Slept 5 seconds.</msg>
<arg>5s</arg>
<doc>Pauses the test executed for the given time.</doc>
<status status="PASS" start="2025-03-27T16:25:37.050642" elapsed="5.000691"/>
</kw>
<kw name="*** Keywords ***">
<msg time="2025-03-27T16:25:42.052918" level="FAIL">No keyword with name '*** Keywords ***' found.</msg>
<status status="FAIL" start="2025-03-27T16:25:42.052852" elapsed="0.000119">No keyword with name '*** Keywords ***' found.</status>
</kw>
<status status="FAIL" start="2025-03-27T16:24:47.321251" elapsed="54.731997">No keyword with name '*** Keywords ***' found.</status>
</test>
<status status="FAIL" start="2025-03-27T16:24:47.063443" elapsed="54.990272"/>
</suite>
<statistics>
<total>
<stat pass="0" fail="1" skip="0">All Tests</stat>
</total>
<tag>
</tag>
<suite>
<stat name="Primeiro Teste" id="s1" pass="0" fail="1" skip="0">Primeiro Teste</stat>
</suite>
</statistics>
<errors>
</errors>
</robot>
